Time: 0
Page: 2
Frame1: 2
Frame2: 0
Frame3: 0
Hit ratio: 0 / 12 (0)


Time: 1
Page: 3
Frame1: 2
Frame2: 3
Frame3: 0
Hit ratio: 0 / 12 (0)


Time: 2
Page: 2
Frame1: 2
Frame2: 3
Frame3: 0
Hit ratio: 1 / 12 (0.0833333)


Time: 3
Page: 1
Frame1: 2
Frame2: 3
Frame3: 1
Hit ratio: 1 / 12 (0.0833333)


Time: 4
Page: 5
Frame1: 2
Frame2: 5
Frame3: 1
Hit ratio: 1 / 12 (0.0833333)


Time: 5
Page: 2
Frame1: 2
Frame2: 5
Frame3: 1
Hit ratio: 2 / 12 (0.166667)


Time: 6
Page: 4
Frame1: 2
Frame2: 5
Frame3: 4
Hit ratio: 2 / 12 (0.166667)


Time: 7
Page: 5
Frame1: 2
Frame2: 5
Frame3: 4
Hit ratio: 3 / 12 (0.25)


Time: 8
Page: 3
Frame1: 3
Frame2: 5
Frame3: 4
Hit ratio: 3 / 12 (0.25)


Time: 9
Page: 2
Frame1: 3
Frame2: 5
Frame3: 2
Hit ratio: 3 / 12 (0.25)


Time: 10
Page: 5
Frame1: 3
Frame2: 5
Frame3: 2
Hit ratio: 4 / 12 (0.333333)


Time: 11
Page: 2
Frame1: 3
Frame2: 5
Frame3: 2
Hit ratio: 5 / 12 (0.416667)


